<?xml version="1.0" encoding="UTF-8"?>
<!-- Generated by org.testng.reporters.JUnitReportReporter -->
<testsuite hostname="nhupham-HP-EliteBook-8540w" name="testng01.test001" tests="1" failures="0" timestamp="25 Nov 2017 11:09:16 GMT" time="5.835" errors="0">
  <testcase name="main" time="5.835" classname="testng01.test001"/>
</testsuite> <!-- testng01.test001 -->
