<?xml version="1.0" encoding="UTF-8"?>
<!-- Generated by org.testng.reporters.JUnitReportReporter -->
<testsuite hostname="nhupham-HP-EliteBook-8540w" name="testmaven003.testmaven003.AppTest" tests="1" failures="0" timestamp="25 Nov 2017 11:09:16 GMT" time="0.010" errors="0">
  <testcase name="testApp" time="0.010" classname="testmaven003.testmaven003.AppTest"/>
</testsuite> <!-- testmaven003.testmaven003.AppTest -->
